  Animation.cpp
  Application.cpp
C:\Program Files (x86)\Windows Kits\10\Include\10.0.18362.0\shared\minwindef.h(130,1): warning C4005: 'APIENTRY': macro redefinition
C:\dev\Pazourek\Dependencies\GLFW\include\GLFW\glfw3.h(104): message : see previous definition of 'APIENTRY'
  Camera.cpp
  IndexBuffer.cpp
  Particle.cpp
C:\dev\Pazourek\01_OpenGL\src\Particle.cpp(7,12): warning C4244: 'argument': conversion from 'time_t' to 'unsigned int', possible loss of data
  ParticleSystem.cpp
  Renderer.cpp
  Shader.cpp
  Sprite.cpp
  Texture.cpp
  glm.cpp
  imgui.cpp
  imgui_demo.cpp
  imgui_draw.cpp
  imgui_impl_glfw_gl3.cpp
  stb_image.cpp
  VertexArray.cpp
  VertexBuffer.cpp
  Window.cpp
C:\dev\Pazourek\01_OpenGL\src\Window.cpp(9,45): warning C4244: 'argument': conversion from 'float' to 'int', possible loss of data
C:\dev\Pazourek\01_OpenGL\src\Window.cpp(9,30): warning C4244: 'argument': conversion from 'float' to 'int', possible loss of data
  Generating Code...
LINK : warning LNK4098: defaultlib 'LIBCMT' conflicts with use of other libs; use /NODEFAULTLIB:library
glew32s.lib(glew.obj) : warning LNK4099: PDB 'vc120.pdb' was not found with 'glew32s.lib(glew.obj)' or at 'C:\dev\Pazourek\Release\vc120.pdb'; linking object as if no debug info
  01_OpenGL.vcxproj -> C:\dev\Pazourek\Release\myEngine.exe
