  Animation.cpp
  Application.cpp
C:\Program Files (x86)\Windows Kits\10\Include\10.0.18362.0\shared\minwindef.h(130,1): warning C4005: 'APIENTRY': macro redefinition
C:\dev\Pazourek\Dependencies\GLFW\include\GLFW\glfw3.h(104): message : see previous definition of 'APIENTRY'
  Camera.cpp
  IndexBuffer.cpp
  Particle.cpp
  ParticleSystem.cpp
  Renderer.cpp
  Shader.cpp
  Sprite.cpp
  Texture.cpp
  glm.cpp
  imgui.cpp
  imgui_demo.cpp
  imgui_draw.cpp
  imgui_impl_glfw_gl3.cpp
  stb_image.cpp
  VertexArray.cpp
C:\dev\Pazourek\01_OpenGL\src\VertexArray.cpp(25,3): warning C4312: 'type cast': conversion from 'unsigned int' to 'const void *' of greater size
  VertexBuffer.cpp
  Window.cpp
C:\dev\Pazourek\01_OpenGL\src\Window.cpp(9,45): warning C4244: 'argument': conversion from 'float' to 'int', possible loss of data
C:\dev\Pazourek\01_OpenGL\src\Window.cpp(9,30): warning C4244: 'argument': conversion from 'float' to 'int', possible loss of data
  Generating Code...
Application.obj : error LNK2019: unresolved external symbol glewInit referenced in function main
Application.obj : error LNK2019: unresolved external symbol glfwTerminate referenced in function main
Application.obj : error LNK2019: unresolved external symbol glfwWindowShouldClose referenced in function main
Application.obj : error LNK2019: unresolved external symbol glfwPollEvents referenced in function main
Application.obj : error LNK2019: unresolved external symbol glfwGetKey referenced in function main
Application.obj : error LNK2019: unresolved external symbol glfwGetCursorPos referenced in function main
imgui_impl_glfw_gl3.obj : error LNK2001: unresolved external symbol glfwGetCursorPos
Application.obj : error LNK2019: unresolved external symbol glfwMakeContextCurrent referenced in function main
Application.obj : error LNK2019: unresolved external symbol glfwSwapBuffers referenced in function main
Application.obj : error LNK2019: unresolved external symbol glfwSwapInterval referenced in function main
IndexBuffer.obj : error LNK2001: unresolved external symbol __glewBindBuffer
imgui_impl_glfw_gl3.obj : error LNK2001: unresolved external symbol __glewBindBuffer
VertexBuffer.obj : error LNK2001: unresolved external symbol __glewBindBuffer
IndexBuffer.obj : error LNK2001: unresolved external symbol __glewBufferData
imgui_impl_glfw_gl3.obj : error LNK2001: unresolved external symbol __glewBufferData
VertexBuffer.obj : error LNK2001: unresolved external symbol __glewBufferData
IndexBuffer.obj : error LNK2001: unresolved external symbol __glewDeleteBuffers
imgui_impl_glfw_gl3.obj : error LNK2001: unresolved external symbol __glewDeleteBuffers
VertexBuffer.obj : error LNK2001: unresolved external symbol __glewDeleteBuffers
IndexBuffer.obj : error LNK2001: unresolved external symbol __glewGenBuffers
imgui_impl_glfw_gl3.obj : error LNK2001: unresolved external symbol __glewGenBuffers
VertexBuffer.obj : error LNK2001: unresolved external symbol __glewGenBuffers
Shader.obj : error LNK2001: unresolved external symbol __glewAttachShader
imgui_impl_glfw_gl3.obj : error LNK2001: unresolved external symbol __glewAttachShader
Shader.obj : error LNK2001: unresolved external symbol __glewCompileShader
imgui_impl_glfw_gl3.obj : error LNK2001: unresolved external symbol __glewCompileShader
Shader.obj : error LNK2001: unresolved external symbol __glewCreateProgram
imgui_impl_glfw_gl3.obj : error LNK2001: unresolved external symbol __glewCreateProgram
Shader.obj : error LNK2001: unresolved external symbol __glewCreateShader
imgui_impl_glfw_gl3.obj : error LNK2001: unresolved external symbol __glewCreateShader
Shader.obj : error LNK2001: unresolved external symbol __glewDeleteProgram
imgui_impl_glfw_gl3.obj : error LNK2001: unresolved external symbol __glewDeleteProgram
Shader.obj : error LNK2001: unresolved external symbol __glewDeleteShader
imgui_impl_glfw_gl3.obj : error LNK2001: unresolved external symbol __glewDeleteShader
Shader.obj : error LNK2001: unresolved external symbol __glewGetShaderInfoLog
Shader.obj : error LNK2001: unresolved external symbol __glewGetShaderiv
Shader.obj : error LNK2001: unresolved external symbol __glewGetUniformLocation
imgui_impl_glfw_gl3.obj : error LNK2001: unresolved external symbol __glewGetUniformLocation
Shader.obj : error LNK2001: unresolved external symbol __glewLinkProgram
imgui_impl_glfw_gl3.obj : error LNK2001: unresolved external symbol __glewLinkProgram
Shader.obj : error LNK2001: unresolved external symbol __glewShaderSource
imgui_impl_glfw_gl3.obj : error LNK2001: unresolved external symbol __glewShaderSource
Shader.obj : error LNK2001: unresolved external symbol __glewUniform1f
Shader.obj : error LNK2001: unresolved external symbol __glewUniform1i
imgui_impl_glfw_gl3.obj : error LNK2001: unresolved external symbol __glewUniform1i
Shader.obj : error LNK2001: unresolved external symbol __glewUniform4f
Shader.obj : error LNK2001: unresolved external symbol __glewUniformMatrix4fv
imgui_impl_glfw_gl3.obj : error LNK2001: unresolved external symbol __glewUniformMatrix4fv
Shader.obj : error LNK2001: unresolved external symbol __glewUseProgram
imgui_impl_glfw_gl3.obj : error LNK2001: unresolved external symbol __glewUseProgram
Shader.obj : error LNK2001: unresolved external symbol __glewValidateProgram
Sprite.obj : error LNK2001: unresolved external symbol __glewBindVertexArray
imgui_impl_glfw_gl3.obj : error LNK2001: unresolved external symbol __glewBindVertexArray
VertexArray.obj : error LNK2001: unresolved external symbol __glewBindVertexArray
Sprite.obj : error LNK2001: unresolved external symbol __glewGenVertexArrays
imgui_impl_glfw_gl3.obj : error LNK2001: unresolved external symbol __glewGenVertexArrays
VertexArray.obj : error LNK2001: unresolved external symbol __glewGenVertexArrays
Texture.obj : error LNK2001: unresolved external symbol __glewActiveTexture
imgui_impl_glfw_gl3.obj : error LNK2001: unresolved external symbol __glewActiveTexture
imgui_impl_glfw_gl3.obj : error LNK2019: unresolved external symbol glfwGetWindowSize referenced in function "void __cdecl ImGui_ImplGlfwGL3_NewFrame(void)" (?ImGui_ImplGlfwGL3_NewFrame@@YAXXZ)
imgui_impl_glfw_gl3.obj : error LNK2019: unresolved external symbol glfwGetFramebufferSize referenced in function "void __cdecl ImGui_ImplGlfwGL3_NewFrame(void)" (?ImGui_ImplGlfwGL3_NewFrame@@YAXXZ)
imgui_impl_glfw_gl3.obj : error LNK2019: unresolved external symbol glfwGetWindowAttrib referenced in function "void __cdecl ImGui_ImplGlfwGL3_NewFrame(void)" (?ImGui_ImplGlfwGL3_NewFrame@@YAXXZ)
imgui_impl_glfw_gl3.obj : error LNK2019: unresolved external symbol glfwGetInputMode referenced in function "void __cdecl ImGui_ImplGlfwGL3_NewFrame(void)" (?ImGui_ImplGlfwGL3_NewFrame@@YAXXZ)
imgui_impl_glfw_gl3.obj : error LNK2019: unresolved external symbol glfwSetInputMode referenced in function "void __cdecl ImGui_ImplGlfwGL3_NewFrame(void)" (?ImGui_ImplGlfwGL3_NewFrame@@YAXXZ)
imgui_impl_glfw_gl3.obj : error LNK2019: unresolved external symbol glfwGetMouseButton referenced in function "void __cdecl ImGui_ImplGlfwGL3_NewFrame(void)" (?ImGui_ImplGlfwGL3_NewFrame@@YAXXZ)
imgui_impl_glfw_gl3.obj : error LNK2019: unresolved external symbol glfwSetCursorPos referenced in function "void __cdecl ImGui_ImplGlfwGL3_NewFrame(void)" (?ImGui_ImplGlfwGL3_NewFrame@@YAXXZ)
imgui_impl_glfw_gl3.obj : error LNK2019: unresolved external symbol glfwCreateStandardCursor referenced in function "bool __cdecl ImGui_ImplGlfwGL3_Init(struct GLFWwindow *,bool,char const *)" (?ImGui_ImplGlfwGL3_Init@@YA_NPEAUGLFWwindow@@_NPEBD@Z)
imgui_impl_glfw_gl3.obj : error LNK2019: unresolved external symbol glfwDestroyCursor referenced in function "void __cdecl ImGui_ImplGlfwGL3_Shutdown(void)" (?ImGui_ImplGlfwGL3_Shutdown@@YAXXZ)
imgui_impl_glfw_gl3.obj : error LNK2019: unresolved external symbol glfwSetCursor referenced in function "void __cdecl ImGui_ImplGlfwGL3_NewFrame(void)" (?ImGui_ImplGlfwGL3_NewFrame@@YAXXZ)
imgui_impl_glfw_gl3.obj : error LNK2019: unresolved external symbol glfwSetKeyCallback referenced in function "void __cdecl ImGui_ImplGlfw_InstallCallbacks(struct GLFWwindow *)" (?ImGui_ImplGlfw_InstallCallbacks@@YAXPEAUGLFWwindow@@@Z)
imgui_impl_glfw_gl3.obj : error LNK2019: unresolved external symbol glfwSetCharCallback referenced in function "void __cdecl ImGui_ImplGlfw_InstallCallbacks(struct GLFWwindow *)" (?ImGui_ImplGlfw_InstallCallbacks@@YAXPEAUGLFWwindow@@@Z)
imgui_impl_glfw_gl3.obj : error LNK2019: unresolved external symbol glfwSetMouseButtonCallback referenced in function "void __cdecl ImGui_ImplGlfw_InstallCallbacks(struct GLFWwindow *)" (?ImGui_ImplGlfw_InstallCallbacks@@YAXPEAUGLFWwindow@@@Z)
imgui_impl_glfw_gl3.obj : error LNK2019: unresolved external symbol glfwSetScrollCallback referenced in function "void __cdecl ImGui_ImplGlfw_InstallCallbacks(struct GLFWwindow *)" (?ImGui_ImplGlfw_InstallCallbacks@@YAXPEAUGLFWwindow@@@Z)
imgui_impl_glfw_gl3.obj : error LNK2019: unresolved external symbol glfwGetJoystickAxes referenced in function "void __cdecl ImGui_ImplGlfwGL3_NewFrame(void)" (?ImGui_ImplGlfwGL3_NewFrame@@YAXXZ)
imgui_impl_glfw_gl3.obj : error LNK2019: unresolved external symbol glfwGetJoystickButtons referenced in function "void __cdecl ImGui_ImplGlfwGL3_NewFrame(void)" (?ImGui_ImplGlfwGL3_NewFrame@@YAXXZ)
imgui_impl_glfw_gl3.obj : error LNK2019: unresolved external symbol glfwSetClipboardString referenced in function "void __cdecl ImGui_ImplGlfwGL3_SetClipboardText(void *,char const *)" (?ImGui_ImplGlfwGL3_SetClipboardText@@YAXPEAXPEBD@Z)
imgui_impl_glfw_gl3.obj : error LNK2019: unresolved external symbol glfwGetClipboardString referenced in function "char const * __cdecl ImGui_ImplGlfwGL3_GetClipboardText(void *)" (?ImGui_ImplGlfwGL3_GetClipboardText@@YAPEBDPEAX@Z)
imgui_impl_glfw_gl3.obj : error LNK2019: unresolved external symbol glfwGetTime referenced in function "void __cdecl ImGui_ImplGlfwGL3_NewFrame(void)" (?ImGui_ImplGlfwGL3_NewFrame@@YAXXZ)
imgui_impl_glfw_gl3.obj : error LNK2019: unresolved external symbol glfwGetWin32Window referenced in function "bool __cdecl ImGui_ImplGlfwGL3_Init(struct GLFWwindow *,bool,char const *)" (?ImGui_ImplGlfwGL3_Init@@YA_NPEAUGLFWwindow@@_NPEBD@Z)
imgui_impl_glfw_gl3.obj : error LNK2001: unresolved external symbol __glewBlendEquation
imgui_impl_glfw_gl3.obj : error LNK2001: unresolved external symbol __glewBlendFuncSeparate
imgui_impl_glfw_gl3.obj : error LNK2001: unresolved external symbol __glewBlendEquationSeparate
imgui_impl_glfw_gl3.obj : error LNK2001: unresolved external symbol __glewDetachShader
imgui_impl_glfw_gl3.obj : error LNK2001: unresolved external symbol __glewEnableVertexAttribArray
VertexArray.obj : error LNK2001: unresolved external symbol __glewEnableVertexAttribArray
imgui_impl_glfw_gl3.obj : error LNK2001: unresolved external symbol __glewGetAttribLocation
imgui_impl_glfw_gl3.obj : error LNK2001: unresolved external symbol __glewVertexAttribPointer
VertexArray.obj : error LNK2001: unresolved external symbol __glewVertexAttribPointer
imgui_impl_glfw_gl3.obj : error LNK2001: unresolved external symbol __glewBindSampler
imgui_impl_glfw_gl3.obj : error LNK2001: unresolved external symbol __glewDeleteVertexArrays
VertexArray.obj : error LNK2001: unresolved external symbol __glewDeleteVertexArrays
Window.obj : error LNK2019: unresolved external symbol glfwInit referenced in function "public: __cdecl Window::Window(float,float)" (??0Window@@QEAA@MM@Z)
Window.obj : error LNK2019: unresolved external symbol glfwGetPrimaryMonitor referenced in function "public: __cdecl Window::Window(float,float)" (??0Window@@QEAA@MM@Z)
Window.obj : error LNK2019: unresolved external symbol glfwGetVideoMode referenced in function "public: __cdecl Window::Window(float,float)" (??0Window@@QEAA@MM@Z)
Window.obj : error LNK2019: unresolved external symbol glfwWindowHint referenced in function "public: __cdecl Window::Window(float,float)" (??0Window@@QEAA@MM@Z)
Window.obj : error LNK2019: unresolved external symbol glfwCreateWindow referenced in function "public: __cdecl Window::Window(float,float)" (??0Window@@QEAA@MM@Z)
Window.obj : error LNK2019: unresolved external symbol glfwMaximizeWindow referenced in function "public: __cdecl Window::Window(float,float)" (??0Window@@QEAA@MM@Z)
C:\dev\Pazourek\Dependencies\GLEW\lib\Release\Win32\glew32s.lib : warning LNK4272: library machine type 'x86' conflicts with target machine type 'x64'
C:\dev\Pazourek\Dependencies\GLFW\lib-vc2017\glfw3.lib : warning LNK4272: library machine type 'x86' conflicts with target machine type 'x64'
C:\dev\Pazourek\x64\Debug\myEngine.exe : fatal error LNK1120: 68 unresolved externals
